Построение начато 13.06.2017 18:49:49.
     1>Проект "D:\work VS10\laba5\laba5\laba5.vcxproj" в узле 2 (целевые объекты build).
     1>InitializeBuildStatus:
         Создание "Debug\laba5.unsuccessfulbuild", так как было задано "AlwaysCreate".
       ClCompile:
         C:\Program Files (x86)\Microsoft Visual Studio 10.0\VC\bin\CL.exe /c /ZI /nologo /W3 /WX- /Od /Oy- /D _MBCS /Gm /EHsc /RTC1 /MDd /GS /fp:precise /Zc:wchar_t /Zc:forScope /Fo"Debug\\" /Fd"Debug\vc100.pdb" /Gd /TC /analyze- /errorReport:prompt data.c menu.c stack.c
         stack.c
         menu.c
         data.c
     1>d:\work vs10\laba5\laba5\data.c(31): warning C4996: 'gets': This function or variable may be unsafe. Consider using gets_s instead. To disable deprecation, use _CRT_SECURE_NO_WARNINGS. See online help for details.
                 c:\program files (x86)\microsoft visual studio 10.0\vc\include\stdio.h(277): см. объявление "gets"
         Создание кода...
       Link:
         C:\Program Files (x86)\Microsoft Visual Studio 10.0\VC\bin\link.exe /ERRORREPORT:PROMPT /OUT:"D:\work VS10\laba5\Debug\laba5.exe" /NOLOGO kernel32.lib user32.lib gdi32.lib winspool.lib comdlg32.lib advapi32.lib shell32.lib ole32.lib oleaut32.lib uuid.lib odbc32.lib odbccp32.lib /MANIFEST /ManifestFile:"Debug\laba5.exe.intermediate.manifest" /MANIFESTUAC:"level='asInvoker' uiAccess='false'" /DEBUG /PDB:"D:\work VS10\laba5\Debug\laba5.pdb" /TLBID:1 /DYNAMICBASE /NXCOMPAT /IMPLIB:"D:\work VS10\laba5\Debug\laba5.lib" /MACHINE:X86 Debug\data.obj
         Debug\menu.obj
         Debug\stack.obj
         LINK : не найден или не выполнена сборка D:\work VS10\laba5\Debug\laba5.exe при последней инкрементной компоновке; выполняется полная компоновка
         laba5.vcxproj -> D:\work VS10\laba5\Debug\laba5.exe
       Manifest:
         C:\Program Files (x86)\Microsoft SDKs\Windows\v7.0A\bin\mt.exe /nologo /verbose /outputresource:"D:\work VS10\laba5\Debug\laba5.exe;#1" /manifest Debug\laba5.exe.intermediate.manifest
       FinalizeBuildStatus:
         Файл "Debug\laba5.unsuccessfulbuild" удаляется.
         Обращение к "Debug\laba5.lastbuildstate".
     1>Построение проекта "D:\work VS10\laba5\laba5\laba5.vcxproj" завершено (целевые объекты build).

Построение успешно завершено.

Затраченное время: 00:00:00.58
