Построение начато Ср 25.07.18 15:18:59.
     1>Проект "C:\work VS10\3 sem\miner\miner\miner.vcxproj" в узле 2 (целевые объекты build).
     1>InitializeBuildStatus:
         Создание "Debug\miner.unsuccessfulbuild", так как было задано "AlwaysCreate".
       ClCompile:
         Для всех выходных данных обновления не требуется.
       Link:
         C:\Program Files (x86)\Microsoft Visual Studio 10.0\VC\bin\link.exe /ERRORREPORT:PROMPT /OUT:"C:\work VS10\3 sem\miner\Debug\miner.exe" /NOLOGO kernel32.lib user32.lib gdi32.lib winspool.lib comdlg32.lib advapi32.lib shell32.lib ole32.lib oleaut32.lib uuid.lib odbc32.lib odbccp32.lib /MANIFEST /ManifestFile:"Debug\miner.exe.intermediate.manifest" /MANIFESTUAC:"level='asInvoker' uiAccess='false'" /DEBUG /PDB:"C:\work VS10\3 sem\miner\Debug\miner.pdb" /TLBID:1 /DYNAMICBASE /NXCOMPAT /IMPLIB:"C:\work VS10\3 sem\miner\Debug\miner.lib" /MACHINE:X86 Debug\func.obj
         Debug\funcparent.obj
         Debug\main.obj
         Debug\parent.obj
         LINK : не найден или не выполнена сборка C:\work VS10\3 sem\miner\Debug\miner.exe при последней инкрементной компоновке; выполняется полная компоновка
         miner.vcxproj -> C:\work VS10\3 sem\miner\Debug\miner.exe
       Manifest:
         C:\Program Files (x86)\Microsoft SDKs\Windows\v7.0A\bin\mt.exe /nologo /verbose /outputresource:"C:\work VS10\3 sem\miner\Debug\miner.exe;#1" /manifest Debug\miner.exe.intermediate.manifest
       FinalizeBuildStatus:
         Файл "Debug\miner.unsuccessfulbuild" удаляется.
         Обращение к "Debug\miner.lastbuildstate".
     1>Построение проекта "C:\work VS10\3 sem\miner\miner\miner.vcxproj" завершено (целевые объекты build).

Построение успешно завершено.

Затраченное время: 00:00:00.29
