D:\Универ\ОАиП\2 Семестр\лаба8\DEBUG\лаба8.EXE
D:\Универ\ОАиП\2 Семестр\лаба8\DEBUG\лаба8.ILK
D:\УНИВЕР\ОАИП\2 СЕМЕСТР\ЛАБА8\DEBUG\ЛАБА8.PDB
D:\Универ\ОАиП\2 Семестр\лаба8\лаба8\Debug\cl.command.1.tlog
D:\Универ\ОАиП\2 Семестр\лаба8\лаба8\Debug\CL.read.1.tlog
D:\Универ\ОАиП\2 Семестр\лаба8\лаба8\Debug\CL.write.1.tlog
D:\Универ\ОАиП\2 Семестр\лаба8\лаба8\Debug\link.9092.read.1.tlog
D:\Универ\ОАиП\2 Семестр\лаба8\лаба8\Debug\link.9092.write.1.tlog
D:\Универ\ОАиП\2 Семестр\лаба8\лаба8\Debug\link.9092-cvtres.read.1.tlog
D:\Универ\ОАиП\2 Семестр\лаба8\лаба8\Debug\link.9092-cvtres.write.1.tlog
D:\Универ\ОАиП\2 Семестр\лаба8\лаба8\Debug\link.command.1.tlog
D:\Универ\ОАиП\2 Семестр\лаба8\лаба8\Debug\link.read.1.tlog
D:\Универ\ОАиП\2 Семестр\лаба8\лаба8\Debug\link.write.1.tlog
D:\Универ\ОАиП\2 Семестр\лаба8\лаба8\Debug\link-cvtres.read.1.tlog
D:\Универ\ОАиП\2 Семестр\лаба8\лаба8\Debug\link-cvtres.write.1.tlog
D:\Универ\ОАиП\2 Семестр\лаба8\лаба8\Debug\mt.command.1.tlog
D:\Универ\ОАиП\2 Семестр\лаба8\лаба8\Debug\mt.read.1.tlog
D:\Универ\ОАиП\2 Семестр\лаба8\лаба8\Debug\mt.write.1.tlog
D:\Универ\ОАиП\2 Семестр\лаба8\лаба8\Debug\rc.command.1.tlog
D:\Универ\ОАиП\2 Семестр\лаба8\лаба8\Debug\rc.read.1.tlog
D:\Универ\ОАиП\2 Семестр\лаба8\лаба8\Debug\rc.write.1.tlog
D:\Универ\ОАиП\2 Семестр\лаба8\лаба8\DEBUG\SOURCE.OBJ
D:\Универ\ОАиП\2 Семестр\лаба8\лаба8\Debug\vc100.idb
D:\УНИВЕР\ОАИП\2 СЕМЕСТР\ЛАБА8\ЛАБА8\DEBUG\VC100.PDB
D:\Универ\ОАиП\2 Семестр\лаба8\лаба8\DEBUG\лаба8.EXE.EMBED.MANIFEST
D:\Универ\ОАиП\2 Семестр\лаба8\лаба8\DEBUG\лаба8.EXE.EMBED.MANIFEST.RES
D:\Универ\ОАиП\2 Семестр\лаба8\лаба8\DEBUG\лаба8.EXE.INTERMEDIATE.MANIFEST
D:\Универ\ОАиП\2 Семестр\лаба8\лаба8\Debug\лаба8_manifest.rc
